<?xml version="1.0" encoding="UTF-8"?>
<!-- Generated by org.testng.reporters.JUnitReportReporter -->
<testsuite hostname="DESKTOP-6FIB2UL" failures="0" tests="1" name="testScripts.LoginTest" time="3.010" errors="0" timestamp="2025-09-29T16:58:30 CEST" skipped="0">
  <testcase classname="testScripts.LoginTest" name="verifyLogin_InvalidUserName_ValidPassword" time="3.010"/>
</testsuite> <!-- testScripts.LoginTest -->
