<?xml version="1.0" encoding="UTF-8"?>
<!-- Generated by org.testng.reporters.JUnitReportReporter -->
<testsuite hostname="DESKTOP-6FIB2UL" failures="0" tests="1" name="seleniumBasics.TestNGAnnotation" time="0.009" errors="0" timestamp="2025-09-24T16:33:06 CEST" skipped="0">
  <testcase classname="seleniumBasics.TestNGAnnotation" name="sampleTest" time="0.009"/>
</testsuite> <!-- seleniumBasics.TestNGAnnotation -->
